<?xml version='1.0' ?>
<testsuite errors="0" failures="0" skipped="" hostname="ali" name="test-framework tests" tests="3" time="0.0" timestamp="Mon June  1 17:10:52 EDT 2015" id="" package="">
  <testsuite name="STTests">
    <testcase name="v t0" classname="" time="" />
    <testcase name="v t1" classname="" time="" />
    <testcase name="v t2" classname="" time="" />
  </testsuite>
</testsuite>
